chambita/build/app/intermediates/manifest_merge_blame_file/debug/manifest-merger-blame-debug-report.txt
1<?xml version="1.0" encoding="utf-8"?>
2<manifest xmlns:android="http://schemas.android.com/apk/res/android"
3    package="com.example.chambita"
4    android:versionCode="1"
5    android:versionName="1.0.0" >
6
7    <uses-sdk
8        android:minSdkVersion="16"
9        android:targetSdkVersion="28" />
10    <!--
11         Flutter needs it to communicate with the running application
12         to allow setting breakpoints, to provide hot reload, etc.
13    -->
14    <uses-permission android:name="android.permission.INTERNET" />
14-->src\debug\AndroidManifest.xml:6:5-66
14-->src\debug\AndroidManifest.xml:6:22-64
15    <uses-permission android:name="android.permission.ACCESS_NETWORK_STATE" />
15-->[com.google.android.gms:play-services-measurement-api:17.4.1] AndroidManifest.xml:23:5-79
15-->[com.google.android.gms:play-services-measurement-api:17.4.1] AndroidManifest.xml:23:22-76
16    <uses-permission android:name="android.permission.WAKE_LOCK" /> <!-- Required by older versions of Google Play services to create IID tokens -->
16-->[com.google.android.gms:play-services-measurement-api:17.4.1] AndroidManifest.xml:24:5-68
16-->[com.google.android.gms:play-services-measurement-api:17.4.1] AndroidManifest.xml:24:22-65
17    <uses-permission android:name="com.google.android.c2dm.permission.RECEIVE" />
17-->[com.google.firebase:firebase-iid:20.1.5] AndroidManifest.xml:26:5-82
17-->[com.google.firebase:firebase-iid:20.1.5] AndroidManifest.xml:26:22-79
18    <uses-permission android:name="com.google.android.finsky.permission.BIND_GET_INSTALL_REFERRER_SERVICE" />
18-->[com.google.android.gms:play-services-measurement:17.4.1] AndroidManifest.xml:26:5-110
18-->[com.google.android.gms:play-services-measurement:17.4.1] AndroidManifest.xml:26:22-107
19    <!--
20 io.flutter.app.FlutterApplication is an android.app.Application that
21         calls FlutterMain.startInitialization(this); in its onCreate method.
22         In most cases you can leave this as-is, but you if you want to provide
23         additional functionality it is fine to subclass or reimplement
24         FlutterApplication and put your custom class here.
25    -->
26    <application
26-->src\main\AndroidManifest.xml:8:5-46:19
27        android:name="io.flutter.app.FlutterApplication"
27-->src\main\AndroidManifest.xml:9:9-57
28        android:appComponentFactory="androidx.core.app.CoreComponentFactory"
28-->[androidx.core:core:1.1.0] AndroidManifest.xml:24:18-86
29        android:debuggable="true"
30        android:icon="@mipmap/ic_launcher"
30-->src\main\AndroidManifest.xml:11:9-43
31        android:label="chambita"
31-->src\main\AndroidManifest.xml:10:9-33
32        android:supportsRtl="true" >
32-->[com.facebook.android:facebook-login:5.5.1] AndroidManifest.xml:28:18-44
33        <activity
33-->src\main\AndroidManifest.xml:12:9-40:20
34            android:name="com.example.chambita.MainActivity"
34-->src\main\AndroidManifest.xml:13:13-41
35            android:configChanges="orientation|keyboardHidden|keyboard|screenSize|smallestScreenSize|locale|layoutDirection|fontScale|screenLayout|density|uiMode"
35-->src\main\AndroidManifest.xml:16:13-163
36            android:hardwareAccelerated="true"
36-->src\main\AndroidManifest.xml:17:13-47
37            android:launchMode="singleTop"
37-->src\main\AndroidManifest.xml:14:13-43
38            android:theme="@style/LaunchTheme"
38-->src\main\AndroidManifest.xml:15:13-47
39            android:windowSoftInputMode="adjustResize" >
39-->src\main\AndroidManifest.xml:18:13-55
40
41            <!--
42                 Specifies an Android theme to apply to this Activity as soon as
43                 the Android process has started. This theme is visible to the user
44                 while the Flutter UI initializes. After that, this theme continues
45                 to determine the Window background behind the Flutter UI.
46            -->
47            <meta-data
47-->src\main\AndroidManifest.xml:23:13-26:17
48                android:name="io.flutter.embedding.android.NormalTheme"
48-->src\main\AndroidManifest.xml:24:15-70
49                android:resource="@style/NormalTheme" />
49-->src\main\AndroidManifest.xml:25:15-52
50            <!--
51                 Displays an Android View that continues showing the launch screen
52                 Drawable until Flutter paints its first frame, then this splash
53                 screen fades out. A splash screen is useful to avoid any visual
54                 gap between the end of Android's launch screen and the painting of
55                 Flutter's first frame.
56            -->
57            <meta-data
57-->src\main\AndroidManifest.xml:32:13-35:17
58                android:name="io.flutter.embedding.android.SplashScreenDrawable"
58-->src\main\AndroidManifest.xml:33:15-79
59                android:resource="@drawable/launch_background" />
59-->src\main\AndroidManifest.xml:34:15-61
60
61            <intent-filter>
61-->src\main\AndroidManifest.xml:36:13-39:29
62                <action android:name="android.intent.action.MAIN" />
62-->src\main\AndroidManifest.xml:37:17-68
62-->src\main\AndroidManifest.xml:37:25-66
63
64                <category android:name="android.intent.category.LAUNCHER" />
64-->src\main\AndroidManifest.xml:38:17-76
64-->src\main\AndroidManifest.xml:38:27-74
65            </intent-filter>
66        </activity>
67        <!--
68             Don't delete the meta-data below.
69             This is used by the Flutter tool to generate GeneratedPluginRegistrant.java
70        -->
71        <meta-data
71-->src\main\AndroidManifest.xml:43:9-45:33
72            android:name="flutterEmbedding"
72-->src\main\AndroidManifest.xml:44:13-44
73            android:value="2" />
73-->src\main\AndroidManifest.xml:45:13-30
74
75        <service
75-->[:firebase_auth] AndroidManifest.xml:8:9-12:19
76            android:name="com.google.firebase.components.ComponentDiscoveryService"
76-->[:firebase_auth] AndroidManifest.xml:8:18-89
77            android:directBootAware="true"
77-->[com.google.firebase:firebase-common:19.3.0] AndroidManifest.xml:34:13-43
78            android:exported="false" >
78-->[com.google.firebase:firebase-auth:19.3.1] AndroidManifest.xml:35:13-37
79            <meta-data
79-->[:firebase_auth] AndroidManifest.xml:9:13-11:85
80                android:name="com.google.firebase.components:io.flutter.plugins.firebase.auth.FlutterFirebaseAuthRegistrar"
80-->[:firebase_auth] AndroidManifest.xml:10:17-124
81                android:value="com.google.firebase.components.ComponentRegistrar" />
81-->[:firebase_auth] AndroidManifest.xml:11:17-82
82            <meta-data
82-->[:firebase_core] AndroidManifest.xml:9:13-11:85
83                android:name="com.google.firebase.components:io.flutter.plugins.firebase.core.FlutterFirebaseCoreRegistrar"
83-->[:firebase_core] AndroidManifest.xml:10:17-124
84                android:value="com.google.firebase.components.ComponentRegistrar" />
84-->[:firebase_core] AndroidManifest.xml:11:17-82
85            <meta-data
85-->[com.google.firebase:firebase-auth:19.3.1] AndroidManifest.xml:36:13-38:85
86                android:name="com.google.firebase.components:com.google.firebase.auth.FirebaseAuthRegistrar"
86-->[com.google.firebase:firebase-auth:19.3.1] AndroidManifest.xml:37:17-109
87                android:value="com.google.firebase.components.ComponentRegistrar" />
87-->[com.google.firebase:firebase-auth:19.3.1] AndroidManifest.xml:38:17-82
88            <meta-data
88-->[com.google.android.gms:play-services-measurement-api:17.4.1] AndroidManifest.xml:30:13-32:85
89                android:name="com.google.firebase.components:com.google.firebase.analytics.connector.internal.AnalyticsConnectorRegistrar"
89-->[com.google.android.gms:play-services-measurement-api:17.4.1] AndroidManifest.xml:31:17-139
90                android:value="com.google.firebase.components.ComponentRegistrar" />
90-->[com.google.android.gms:play-services-measurement-api:17.4.1] AndroidManifest.xml:32:17-82
91            <meta-data
91-->[com.google.firebase:firebase-iid:20.1.5] AndroidManifest.xml:32:13-34:85
92                android:name="com.google.firebase.components:com.google.firebase.iid.Registrar"
92-->[com.google.firebase:firebase-iid:20.1.5] AndroidManifest.xml:33:17-96
93                android:value="com.google.firebase.components.ComponentRegistrar" />
93-->[com.google.firebase:firebase-iid:20.1.5] AndroidManifest.xml:34:17-82
94            <meta-data
94-->[com.google.firebase:firebase-installations:16.2.1] AndroidManifest.xml:17:13-19:85
95                android:name="com.google.firebase.components:com.google.firebase.installations.FirebaseInstallationsRegistrar"
95-->[com.google.firebase:firebase-installations:16.2.1] AndroidManifest.xml:18:17-127
96                android:value="com.google.firebase.components.ComponentRegistrar" />
96-->[com.google.firebase:firebase-installations:16.2.1] AndroidManifest.xml:19:17-82
97        </service>
98
99        <activity
99-->[com.google.firebase:firebase-auth:19.3.1] AndroidManifest.xml:24:9-31:50
100            android:name="com.google.firebase.auth.internal.FederatedSignInActivity"
100-->[com.google.firebase:firebase-auth:19.3.1] AndroidManifest.xml:25:13-85
101            android:excludeFromRecents="true"
101-->[com.google.firebase:firebase-auth:19.3.1] AndroidManifest.xml:26:13-46
102            android:exported="true"
102-->[com.google.firebase:firebase-auth:19.3.1] AndroidManifest.xml:27:13-36
103            android:launchMode="singleTask"
103-->[com.google.firebase:firebase-auth:19.3.1] AndroidManifest.xml:28:13-44
104            android:permission="com.google.firebase.auth.api.gms.permission.LAUNCH_FEDERATED_SIGN_IN"
104-->[com.google.firebase:firebase-auth:19.3.1] AndroidManifest.xml:29:13-102
105            android:theme="@android:style/Theme.Translucent.NoTitleBar" />
105-->[com.google.firebase:firebase-auth:19.3.1] AndroidManifest.xml:30:13-72
106        <activity
106-->[com.facebook.android:facebook-common:5.5.1] AndroidManifest.xml:29:9-32:66
107            android:name="com.facebook.FacebookActivity"
107-->[com.facebook.android:facebook-common:5.5.1] AndroidManifest.xml:30:13-57
108            android:configChanges="keyboard|keyboardHidden|screenLayout|screenSize|orientation"
108-->[com.facebook.android:facebook-common:5.5.1] AndroidManifest.xml:31:13-96
109            android:theme="@style/com_facebook_activity_theme" />
109-->[com.facebook.android:facebook-common:5.5.1] AndroidManifest.xml:32:13-63
110        <activity android:name="com.facebook.CustomTabMainActivity" />
110-->[com.facebook.android:facebook-common:5.5.1] AndroidManifest.xml:33:9-71
110-->[com.facebook.android:facebook-common:5.5.1] AndroidManifest.xml:33:19-68
111        <activity android:name="com.facebook.CustomTabActivity" />
111-->[com.facebook.android:facebook-common:5.5.1] AndroidManifest.xml:34:9-67
111-->[com.facebook.android:facebook-common:5.5.1] AndroidManifest.xml:34:19-64
112        <activity
112-->[com.google.android.gms:play-services-auth:16.0.1] AndroidManifest.xml:23:9-27:75
113            android:name="com.google.android.gms.auth.api.signin.internal.SignInHubActivity"
113-->[com.google.android.gms:play-services-auth:16.0.1] AndroidManifest.xml:24:13-93
114            android:excludeFromRecents="true"
114-->[com.google.android.gms:play-services-auth:16.0.1] AndroidManifest.xml:25:13-46
115            android:exported="false"
115-->[com.google.android.gms:play-services-auth:16.0.1] AndroidManifest.xml:26:13-37
116            android:theme="@android:style/Theme.Translucent.NoTitleBar" />
116-->[com.google.android.gms:play-services-auth:16.0.1] AndroidManifest.xml:27:13-72
117        <!--
118            Service handling Google Sign-In user revocation. For apps that do not integrate with
119            Google Sign-In, this service will never be started.
120        -->
121        <service
121-->[com.google.android.gms:play-services-auth:16.0.1] AndroidManifest.xml:33:9-36:110
122            android:name="com.google.android.gms.auth.api.signin.RevocationBoundService"
122-->[com.google.android.gms:play-services-auth:16.0.1] AndroidManifest.xml:34:13-89
123            android:exported="true"
123-->[com.google.android.gms:play-services-auth:16.0.1] AndroidManifest.xml:35:13-36
124            android:permission="com.google.android.gms.auth.api.signin.permission.REVOCATION_NOTIFICATION" />
124-->[com.google.android.gms:play-services-auth:16.0.1] AndroidManifest.xml:36:13-107
125
126        <receiver
126-->[com.google.firebase:firebase-iid:20.1.5] AndroidManifest.xml:37:9-44:20
127            android:name="com.google.firebase.iid.FirebaseInstanceIdReceiver"
127-->[com.google.firebase:firebase-iid:20.1.5] AndroidManifest.xml:38:13-78
128            android:exported="true"
128-->[com.google.firebase:firebase-iid:20.1.5] AndroidManifest.xml:39:13-36
129            android:permission="com.google.android.c2dm.permission.SEND" >
129-->[com.google.firebase:firebase-iid:20.1.5] AndroidManifest.xml:40:13-73
130            <intent-filter>
130-->[com.google.firebase:firebase-iid:20.1.5] AndroidManifest.xml:41:13-43:29
131                <action android:name="com.google.android.c2dm.intent.RECEIVE" />
131-->[com.google.firebase:firebase-iid:20.1.5] AndroidManifest.xml:42:17-81
131-->[com.google.firebase:firebase-iid:20.1.5] AndroidManifest.xml:42:25-78
132            </intent-filter>
133        </receiver>
134
135        <activity
135-->[com.google.android.gms:play-services-base:17.1.0] AndroidManifest.xml:23:9-26:75
136            android:name="com.google.android.gms.common.api.GoogleApiActivity"
136-->[com.google.android.gms:play-services-base:17.1.0] AndroidManifest.xml:24:13-79
137            android:exported="false"
137-->[com.google.android.gms:play-services-base:17.1.0] AndroidManifest.xml:25:13-37
138            android:theme="@android:style/Theme.Translucent.NoTitleBar" />
138-->[com.google.android.gms:play-services-base:17.1.0] AndroidManifest.xml:26:13-72
139
140        <provider
140-->[com.google.firebase:firebase-common:19.3.0] AndroidManifest.xml:26:9-30:39
141            android:name="com.google.firebase.provider.FirebaseInitProvider"
141-->[com.google.firebase:firebase-common:19.3.0] AndroidManifest.xml:27:13-77
142            android:authorities="com.example.chambita.firebaseinitprovider"
142-->[com.google.firebase:firebase-common:19.3.0] AndroidManifest.xml:28:13-72
143            android:exported="false"
143-->[com.google.firebase:firebase-common:19.3.0] AndroidManifest.xml:29:13-37
144            android:initOrder="100" />
144-->[com.google.firebase:firebase-common:19.3.0] AndroidManifest.xml:30:13-36
145
146        <receiver
146-->[com.google.android.gms:play-services-measurement:17.4.1] AndroidManifest.xml:29:9-33:20
147            android:name="com.google.android.gms.measurement.AppMeasurementReceiver"
147-->[com.google.android.gms:play-services-measurement:17.4.1] AndroidManifest.xml:30:13-85
148            android:enabled="true"
148-->[com.google.android.gms:play-services-measurement:17.4.1] AndroidManifest.xml:31:13-35
149            android:exported="false" >
149-->[com.google.android.gms:play-services-measurement:17.4.1] AndroidManifest.xml:32:13-37
150        </receiver>
151
152        <service
152-->[com.google.android.gms:play-services-measurement:17.4.1] AndroidManifest.xml:35:9-38:40
153            android:name="com.google.android.gms.measurement.AppMeasurementService"
153-->[com.google.android.gms:play-services-measurement:17.4.1] AndroidManifest.xml:36:13-84
154            android:enabled="true"
154-->[com.google.android.gms:play-services-measurement:17.4.1] AndroidManifest.xml:37:13-35
155            android:exported="false" />
155-->[com.google.android.gms:play-services-measurement:17.4.1] AndroidManifest.xml:38:13-37
156        <service
156-->[com.google.android.gms:play-services-measurement:17.4.1] AndroidManifest.xml:39:9-43:72
157            android:name="com.google.android.gms.measurement.AppMeasurementJobService"
157-->[com.google.android.gms:play-services-measurement:17.4.1] AndroidManifest.xml:40:13-87
158            android:enabled="true"
158-->[com.google.android.gms:play-services-measurement:17.4.1] AndroidManifest.xml:41:13-35
159            android:exported="false"
159-->[com.google.android.gms:play-services-measurement:17.4.1] AndroidManifest.xml:42:13-37
160            android:permission="android.permission.BIND_JOB_SERVICE" />
160-->[com.google.android.gms:play-services-measurement:17.4.1] AndroidManifest.xml:43:13-69
161
162        <meta-data
162-->[com.google.android.gms:play-services-basement:17.0.0] AndroidManifest.xml:23:9-25:69
163            android:name="com.google.android.gms.version"
163-->[com.google.android.gms:play-services-basement:17.0.0] AndroidManifest.xml:24:13-58
164            android:value="@integer/google_play_services_version" />
164-->[com.google.android.gms:play-services-basement:17.0.0] AndroidManifest.xml:25:13-66
165        <!--
166         The initialization ContentProvider will call FacebookSdk.sdkInitialize automatically
167         with the application context. This config is merged in with the host app's manifest,
168         but there can only be one provider with the same authority activated at any given
169         point; so if the end user has two or more different apps that use Facebook SDK, only the
170         first one will be able to use the provider. To work around this problem, we use the
171         following placeholder in the authority to identify each host application as if it was
172         a completely different provider.
173        -->
174        <provider
174-->[com.facebook.android:facebook-core:5.5.1] AndroidManifest.xml:39:9-42:40
175            android:name="com.facebook.internal.FacebookInitProvider"
175-->[com.facebook.android:facebook-core:5.5.1] AndroidManifest.xml:40:13-70
176            android:authorities="com.example.chambita.FacebookInitProvider"
176-->[com.facebook.android:facebook-core:5.5.1] AndroidManifest.xml:41:13-72
177            android:exported="false" />
177-->[com.facebook.android:facebook-core:5.5.1] AndroidManifest.xml:42:13-37
178
179        <receiver
179-->[com.facebook.android:facebook-core:5.5.1] AndroidManifest.xml:44:9-50:20
180            android:name="com.facebook.CurrentAccessTokenExpirationBroadcastReceiver"
180-->[com.facebook.android:facebook-core:5.5.1] AndroidManifest.xml:45:13-86
181            android:exported="false" >
181-->[com.facebook.android:facebook-core:5.5.1] AndroidManifest.xml:46:13-37
182            <intent-filter>
182-->[com.facebook.android:facebook-core:5.5.1] AndroidManifest.xml:47:13-49:29
183                <action android:name="com.facebook.sdk.ACTION_CURRENT_ACCESS_TOKEN_CHANGED" />
183-->[com.facebook.android:facebook-core:5.5.1] AndroidManifest.xml:48:17-95
183-->[com.facebook.android:facebook-core:5.5.1] AndroidManifest.xml:48:25-92
184            </intent-filter>
185        </receiver>
186        <receiver
186-->[com.facebook.android:facebook-core:5.5.1] AndroidManifest.xml:51:9-58:20
187            android:name="com.facebook.CampaignTrackingReceiver"
187-->[com.facebook.android:facebook-core:5.5.1] AndroidManifest.xml:52:13-65
188            android:exported="true"
188-->[com.facebook.android:facebook-core:5.5.1] AndroidManifest.xml:53:13-36
189            android:permission="android.permission.INSTALL_PACKAGES" >
189-->[com.facebook.android:facebook-core:5.5.1] AndroidManifest.xml:54:13-69
190            <intent-filter>
190-->[com.facebook.android:facebook-core:5.5.1] AndroidManifest.xml:55:13-57:29
191                <action android:name="com.android.vending.INSTALL_REFERRER" />
191-->[com.facebook.android:facebook-core:5.5.1] AndroidManifest.xml:56:17-79
191-->[com.facebook.android:facebook-core:5.5.1] AndroidManifest.xml:56:25-76
192            </intent-filter>
193        </receiver>
194    </application>
195
196</manifest>